[H[J





mothur v.1.36.1
Last updated: 1/29/2016

by
Patrick D. Schloss

Department of Microbiology & Immunology
University of Michigan
pschloss@umich.edu
http://www.mothur.org

When using, please cite:
Schloss, P.D., et al., Introducing mothur: Open-source, platform-independent, community-supported software for describing and comparing microbial communities. Appl Environ Microbiol, 2009. 75(23):7537-41.

Distributed under the GNU General Public License

Type 'help()' for information on the commands that are available

Type 'quit()' to exit program



mothur > remove.lineage(fasta=stability.trim.contigs.good.unique.good.filter.unique.precluster.pick.fasta, count=stability.trim.contigs.good.unique.good.filter.unique.precluster.denovo.uchime.pick.count_table, taxonomy=stability.trim.contigs.good.unique.good.filter.unique.precluster.pick.pds.wang.taxonomy, taxon=Chloroplast-Mitochondria-unknown-Archaea-Eukaryota)

[NOTE]: The count file should contain only unique names, so mothur assumes your fasta, list and taxonomy files also contain only uniques.


Output File Names: 
stability.trim.contigs.good.unique.good.filter.unique.precluster.pick.pds.wang.pick.taxonomy
stability.trim.contigs.good.unique.good.filter.unique.precluster.pick.pick.fasta
stability.trim.contigs.good.unique.good.filter.unique.precluster.denovo.uchime.pick.pick.count_table


mothur > quit()
